<?xml version="1.0" encoding="UTF-8"?>
<testsuite name="addressbookservice.AddressBookServiceRestTest" tests="1" skipped="0" failures="0" errors="0" timestamp="2020-12-24T14:20:59" hostname="ADMIN-PC" time="9.517">
  <properties/>
  <testcase name="givenNewContactNumberForPersonWhenUpdatedShouldMatch200Response" classname="addressbookservice.AddressBookServiceRestTest" time="9.517"/>
  <system-out><![CDATA[PERSON DATA IN JSON Server :
[
  {
    "id": 1,
    "firstName": "Prajkta",
    "lastName": "Kharat",
    "address": "mahadevPeth",
    "city": "Goregaon",
    "state": "Maharashtra",
    "zip": 879231,
    "phoneNumber": "8932456718",
    "emailId": "prajktakharat01@gmail.com",
    "startDate": {
      "year": 2016,
      "month": 10,
      "day": 2
    }
  },
  {
    "id": 2,
    "firstName": "Jignesh",
    "lastName": "Tambade",
    "address": "SantNagar",
    "city": "Virar",
    "state": "Maharashtra",
    "zip": 435276,
    "phoneNumber": "7276327108",
    "emailId": "jignesht555@gmail.com",
    "startDate": {
      "year": 2012,
      "month": 9,
      "day": 25
    }
  },
  {
    "id": 3,
    "firstName": "Priya",
    "lastName": "Labde",
    "address": "MahadevNagar",
    "city": "Dhule",
    "state": "Maharashtra",
    "zip": 432415,
    "phoneNumber": "9822625786",
    "emailId": "thakurneha@gmail.com",
    "startDate": {
      "year": 2020,
      "month": 12,
      "day": 24
    }
  },
  {
    "id": 4,
    "firstName": "Pratibha",
    "lastName": "Thakur",
    "address": "MahadevNagar",
    "city": "Dhule",
    "state": "Maharashtra",
    "zip": 432415,
    "phoneNumber": "9822625786",
    "emailId": "thakurneha@gmail.com",
    "startDate": {
      "year": 2020,
      "month": 12,
      "day": 24
    }
  }
]
]]></system-out>
  <system-err><![CDATA[]]></system-err>
</testsuite>
